<?xml version="1.0" encoding="UTF-8"?>
<testsuite name="SolutionTest" tests="2" skipped="0" failures="0" errors="0" timestamp="2022-07-13T07:47:56" hostname="yuanyu-ubuntu" time="0.08">
  <properties/>
  <testcase name="minDistanceExamples1()" classname="SolutionTest" time="0.076"/>
  <testcase name="minDistanceExamples2()" classname="SolutionTest" time="0.002"/>
  <system-out><![CDATA[]]></system-out>
  <system-err><![CDATA[]]></system-err>
</testsuite>
